<?xml version="1.0" encoding="UTF-8"?>
<!-- Generated by org.testng.reporters.JUnitReportReporter -->
<testsuite hostname="LAPTOP-74HSD0LE" failures="0" tests="1" name="com.qa.tests.TestNG" time="2.137" errors="0" timestamp="2021-01-29T14:14:24 IST" skipped="0">
  <testcase classname="com.qa.tests.TestNG" name="Test" time="2.137"/>
  <system-out/>
</testsuite> <!-- com.qa.tests.TestNG -->
